info it worked if it ends with ok
verbose cli [ 'node', '/usr/local/bin/npm', 'install', 'socket.io' ]
info using npm@1.1.12
info using node@v0.7.7-pre
verbose /usr/local/bin/node node symlink
verbose config file /Users/jbakse/.npmrc
verbose config file /usr/local/etc/npmrc
verbose config file /usr/local/lib/node_modules/npm/npmrc
verbose caching /Users/jbakse/node_modules/coffee-script/package.json
verbose loadDefaults coffee-script@1.1.2
verbose cache add [ 'socket.io', null ]
silly cache add: name, spec, args [ undefined, 'socket.io', [ 'socket.io', null ] ]
verbose parsed url { pathname: 'socket.io', path: 'socket.io', href: 'socket.io' }
verbose addNamed [ 'socket.io', '' ]
verbose addNamed [ null, '' ]
silly name, range, hasData [ 'socket.io', '', false ]
verbose raw, before any munging socket.io
verbose url resolving [ 'https://registry.npmjs.org/', './socket.io' ]
verbose url resolved https://registry.npmjs.org/socket.io
verbose etag "ET2X0YFH6CAL7WWS9EW4FN2ER"
http GET https://registry.npmjs.org/socket.io
http 304 https://registry.npmjs.org/socket.io
silly get cb [ 304,
silly get cb   { server: 'CouchDB/1.2.0 (Erlang OTP/R15B)',
silly get cb     etag: '"ET2X0YFH6CAL7WWS9EW4FN2ER"',
silly get cb     date: 'Fri, 23 Mar 2012 01:08:47 GMT',
silly get cb     'content-length': '0' } ]
verbose etag socket.io from cache
silly name, range, hasData 2 [ 'socket.io', '', true ]
silly versions [ 'socket.io',
silly versions   [ '0.3.8',
silly versions     '0.4.0',
silly versions     '0.4.1',
silly versions     '0.5.1',
silly versions     '0.5.3',
silly versions     '0.6.0',
silly versions     '0.6.1',
silly versions     '0.6.3',
silly versions     '0.6.4',
silly versions     '0.6.5',
silly versions     '0.6.6',
silly versions     '0.6.7',
silly versions     '0.6.8',
silly versions     '0.6.9',
silly versions     '0.6.10',
silly versions     '0.6.11',
silly versions     '0.6.12',
silly versions     '0.6.14',
silly versions     '0.6.15',
silly versions     '0.6.16',
silly versions     '0.6.17',
silly versions     '0.6.18',
silly versions     '0.7.0',
silly versions     '0.7.1',
silly versions     '0.7.2',
silly versions     '0.7.3',
silly versions     '0.7.4',
silly versions     '0.7.5',
silly versions     '0.7.6',
silly versions     '0.7.7',
silly versions     '0.7.8',
silly versions     '0.7.9',
silly versions     '0.7.10',
silly versions     '0.7.11',
silly versions     '0.8.0',
silly versions     '0.8.1',
silly versions     '0.8.2',
silly versions     '0.8.3',
silly versions     '0.8.4',
silly versions     '0.8.5',
silly versions     '0.8.6',
silly versions     '0.8.7',
silly versions     '0.9.0',
silly versions     '0.9.1',
silly versions     '0.9.1-1',
silly versions     '0.9.2' ] ]
verbose bin dist [ null,
verbose bin dist   { shasum: 'b6e0ba1e42e8b0d02b63bbb05fc1c297c88186c3',
verbose bin dist     tarball: 'http://registry.npmjs.org/socket.io/-/socket.io-0.9.2.tgz' } ]
verbose caching /Users/jbakse/.npm/socket.io/0.9.2/package/package.json
verbose loadDefaults socket.io@0.9.2
silly resolved [ { name: 'socket.io',
silly resolved     version: '0.9.2',
silly resolved     description: 'Real-time apps made cross-browser & easy with a WebSocket-like API',
silly resolved     homepage: 'http://socket.io',
silly resolved     keywords: [ 'websocket', 'socket', 'realtime', 'socket.io', 'comet', 'ajax' ],
silly resolved     author: { name: 'Guillermo Rauch', email: 'guillermo@learnboost.com' },
silly resolved     contributors: 
silly resolved      [ { name: 'Guillermo Rauch', email: 'rauchg@gmail.com' },
silly resolved        { name: 'Arnout Kazemier', email: 'info@3rd-eden.com' },
silly resolved        { name: 'Vladimir Dronnikov', email: 'dronnikov@gmail.com' },
silly resolved        { name: 'Einar Otto Stangvik', email: 'einaros@gmail.com' } ],
silly resolved     repository: 
silly resolved      { type: 'git',
silly resolved        url: 'git://github.com/LearnBoost/socket.io.git' },
silly resolved     dependencies: 
silly resolved      { 'socket.io-client': '0.9.2',
silly resolved        policyfile: '0.0.4',
silly resolved        redis: '0.6.7' },
silly resolved     devDependencies: 
silly resolved      { expresso: '0.9.2',
silly resolved        should: '0.0.4',
silly resolved        benchmark: '0.2.2',
silly resolved        microtime: '0.1.3-1',
silly resolved        colors: '0.5.1' },
silly resolved     main: 'index',
silly resolved     engines: { node: '>= 0.4.0' },
silly resolved     scripts: { test: 'make test' },
silly resolved     _id: 'socket.io@0.9.2',
silly resolved     optionalDependencies: {},
silly resolved     _engineSupported: true,
silly resolved     _npmVersion: '1.1.12',
silly resolved     _nodeVersion: 'v0.7.7-pre',
silly resolved     _defaultsLoaded: true,
silly resolved     _from: 'socket.io' } ]
info into /Users/jbakse socket.io@0.9.2
info installOne socket.io@0.9.2
verbose from cache /Users/jbakse/.npm/socket.io/0.9.2/package/package.json
info unbuild /Users/jbakse/node_modules/socket.io
verbose mkdir (expected) error ENOENT, stat '/Users/jbakse/node_modules/socket.io'
verbose mkdir done: /Users/jbakse/node_modules/socket.io 755
verbose unpack_ uid, gid [ undefined, undefined ]
verbose unpackTarget /Users/jbakse/node_modules/socket.io
silly gunzTarPerm modes [ '755', '644' ]
verbose gunzed /Users/jbakse/node_modules/socket.io
verbose caching /Users/jbakse/node_modules/socket.io/package.json
verbose loadDefaults socket.io@0.9.2
info preinstall socket.io@0.9.2
verbose from cache /Users/jbakse/node_modules/socket.io/package.json
verbose readDependencies: using package.json deps
verbose from cache /Users/jbakse/node_modules/socket.io/package.json
verbose readDependencies: using package.json deps
verbose cache add [ 'socket.io-client@0.9.2', null ]
silly cache add: name, spec, args [ undefined,
silly cache add: name, spec, args   'socket.io-client@0.9.2',
silly cache add: name, spec, args   [ 'socket.io-client@0.9.2', null ] ]
verbose parsed url { pathname: 'socket.io-client@0.9.2',
verbose parsed url   path: 'socket.io-client@0.9.2',
verbose parsed url   href: 'socket.io-client@0.9.2' }
silly cache add: name, spec, args [ 'socket.io-client', '0.9.2', [ 'socket.io-client', '0.9.2' ] ]
verbose parsed url { pathname: '0.9.2', path: '0.9.2', href: '0.9.2' }
